2024-12-08 16:53:36.509 [main] INFO  c.hht.xiaohongshu.auth.XiaohongshuAuthApplication - Starting XiaohongshuAuthApplication using Java 17.0.2 with PID 22000 (C:\Users\37602\Desktop\xiaohongshu\xiaohongshu\xiaohongshu-auth\target\classes started by 37602 in C:\Users\37602\Desktop\xiaohongshu\xiaohongshu)
2024-12-08 16:53:36.511 [main] INFO  c.hht.xiaohongshu.auth.XiaohongshuAuthApplication - The following 1 profile is active: "dev"
2024-12-08 16:53:37.311 [main] WARN  o.s.b.w.s.c.AnnotationConfigServletWebServerApplicationContext - Exception encountered during context initialization - cancelling refresh attempt: org.springframework.beans.factory.support.BeanDefinitionOverrideException: Invalid bean definition with name 'objectMapper' defined in class path resource [com/hht/framework/jsckson/config/JacksonAutoConfiguration.class]: Cannot register bean definition [Root bean: class [null]; scope=; abstract=false; lazyInit=null; autowireMode=3; dependencyCheck=0; autowireCandidate=true; primary=false; factoryBeanName=com.hht.framework.jsckson.config.JacksonAutoConfiguration; factoryMethodName=objectMapper; initMethodNames=null; destroyMethodNames=[(inferred)]; defined in class path resource [com/hht/framework/jsckson/config/JacksonAutoConfiguration.class]] for bean 'objectMapper' since there is already [Root bean: class [null]; scope=; abstract=false; lazyInit=null; autowireMode=3; dependencyCheck=0; autowireCandidate=true; primary=false; factoryBeanName=jacksonConfig; factoryMethodName=objectMapper; initMethodNames=null; destroyMethodNames=[(inferred)]; defined in class path resource [com/hht/xiaohongshu/auth/config/JacksonConfig.class]] bound.
2024-12-08 16:53:37.335 [main] INFO  o.s.b.a.logging.ConditionEvaluationReportLogger - 

Error starting ApplicationContext. To display the condition evaluation report re-run your application with 'debug' enabled.
2024-12-08 16:53:37.360 [main] ERROR o.s.b.diagnostics.LoggingFailureAnalysisReporter - 

***************************
APPLICATION FAILED TO START
***************************

Description:

The bean 'objectMapper', defined in class path resource [com/hht/framework/jsckson/config/JacksonAutoConfiguration.class], could not be registered. A bean with that name has already been defined in class path resource [com/hht/xiaohongshu/auth/config/JacksonConfig.class] and overriding is disabled.

Action:

Consider renaming one of the beans or enabling overriding by setting spring.main.allow-bean-definition-overriding=true

2024-12-08 16:55:00.881 [main] INFO  c.hht.xiaohongshu.auth.XiaohongshuAuthApplication - Starting XiaohongshuAuthApplication using Java 17.0.2 with PID 38228 (C:\Users\37602\Desktop\xiaohongshu\xiaohongshu\xiaohongshu-auth\target\classes started by 37602 in C:\Users\37602\Desktop\xiaohongshu\xiaohongshu)
2024-12-08 16:55:00.895 [main] INFO  c.hht.xiaohongshu.auth.XiaohongshuAuthApplication - The following 1 profile is active: "dev"
2024-12-08 16:55:02.866 [main] INFO  o.s.boot.web.embedded.tomcat.TomcatWebServer - Tomcat initialized with port(s): 8080 (http)
2024-12-08 16:55:02.884 [main] INFO  org.apache.catalina.core.StandardService - Starting service [Tomcat]
2024-12-08 16:55:02.885 [main] INFO  org.apache.catalina.core.StandardEngine - Starting Servlet engine: [Apache Tomcat/10.1.5]
2024-12-08 16:55:03.067 [main] INFO  o.a.c.core.ContainerBase.[Tomcat].[localhost].[/] - Initializing Spring embedded WebApplicationContext
2024-12-08 16:55:03.068 [main] INFO  o.s.b.w.s.c.ServletWebServerApplicationContext - Root WebApplicationContext: initialization completed in 2111 ms
2024-12-08 16:55:03.808 [main] INFO  c.a.d.s.b.a.DruidDataSourceAutoConfigure - Init DruidDataSource
2024-12-08 16:55:06.862 [main] INFO  com.alibaba.druid.pool.DruidDataSource - {dataSource-1} inited
2024-12-08 16:55:07.412 [main] INFO  o.s.boot.web.embedded.tomcat.TomcatWebServer - Tomcat started on port(s): 8080 (http) with context path ''
2024-12-08 16:55:07.423 [main] INFO  c.hht.xiaohongshu.auth.XiaohongshuAuthApplication - Started XiaohongshuAuthApplication in 7.469 seconds (process running for 8.255)
2024-12-08 16:55:22.665 [http-nio-8080-exec-1] INFO  o.a.c.core.ContainerBase.[Tomcat].[localhost].[/] - Initializing Spring DispatcherServlet 'dispatcherServlet'
2024-12-08 16:55:22.666 [http-nio-8080-exec-1] INFO  org.springframework.web.servlet.DispatcherServlet - Initializing Servlet 'dispatcherServlet'
2024-12-08 16:55:22.667 [http-nio-8080-exec-1] INFO  org.springframework.web.servlet.DispatcherServlet - Completed initialization in 1 ms
2024-12-08 16:55:22.738 [http-nio-8080-exec-1] WARN  o.s.core.LocalVariableTableParameterNameDiscoverer - Using deprecated '-debug' fallback for parameter name resolution. Compile the affected code with '-parameters' instead or avoid its introspection: com.hht.xiaohongshu.auth.controller.TestController
